<?xml version="1.0" encoding="UTF-8"?>
<coverage generated="1702344181411" clover="3.2.0">
  <project timestamp="1702344181411" name="All files">
    <metrics statements="43" coveredstatements="37" conditionals="20" coveredconditionals="13" methods="12" coveredmethods="12" elements="75" coveredelements="62" complexity="0" loc="43" ncloc="43" packages="1" files="1" classes="1"/>
    <file name="highLevelFunctions.ts" path="/Users/shivam/Desktop/API-Design/a3-grpc-apis-N0v0cain3/client/highLevelFunctions.ts">
      <metrics statements="43" coveredstatements="37" conditionals="20" coveredconditionals="13" methods="12" coveredmethods="12"/>
      <line num="11" count="4" type="stmt"/>
      <line num="12" count="2" type="stmt"/>
      <line num="13" count="2" type="cond" truecount="1" falsecount="0"/>
      <line num="14" count="1" type="stmt"/>
      <line num="15" count="1" type="stmt"/>
      <line num="17" count="1" type="stmt"/>
      <line num="18" count="1" type="stmt"/>
      <line num="31" count="4" type="cond" truecount="1" falsecount="0"/>
      <line num="32" count="2" type="stmt"/>
      <line num="33" count="2" type="cond" truecount="1" falsecount="0"/>
      <line num="34" count="1" type="stmt"/>
      <line num="35" count="1" type="stmt"/>
      <line num="37" count="1" type="stmt"/>
      <line num="38" count="1" type="stmt"/>
      <line num="50" count="4" type="stmt"/>
      <line num="51" count="2" type="stmt"/>
      <line num="52" count="2" type="cond" truecount="1" falsecount="0"/>
      <line num="53" count="1" type="stmt"/>
      <line num="54" count="1" type="stmt"/>
      <line num="55" count="1" type="stmt"/>
      <line num="59" count="1" type="stmt"/>
      <line num="62" count="1" type="stmt"/>
      <line num="63" count="3" type="cond" truecount="4" falsecount="0"/>
      <line num="66" count="1" type="cond" truecount="1" falsecount="1"/>
      <line num="70" count="4" type="cond" truecount="0" falsecount="1"/>
      <line num="72" count="1" type="stmt"/>
      <line num="73" count="1" type="cond" truecount="0" falsecount="1"/>
      <line num="74" count="0" type="stmt"/>
      <line num="75" count="0" type="stmt"/>
      <line num="77" count="1" type="stmt"/>
      <line num="78" count="1" type="stmt"/>
      <line num="79" count="1" type="cond" truecount="0" falsecount="1"/>
      <line num="80" count="0" type="stmt"/>
      <line num="81" count="0" type="stmt"/>
      <line num="84" count="1" type="stmt"/>
      <line num="85" count="1" type="stmt"/>
      <line num="86" count="1" type="cond" truecount="0" falsecount="1"/>
      <line num="87" count="0" type="stmt"/>
      <line num="88" count="0" type="stmt"/>
      <line num="92" count="1" type="stmt"/>
      <line num="95" count="1" type="stmt"/>
      <line num="96" count="2" type="cond" truecount="3" falsecount="1"/>
      <line num="99" count="1" type="cond" truecount="1" falsecount="1"/>
    </file>
  </project>
</coverage>
