<?xml version="1.0" encoding="UTF-8"?>
<coverage generated="1702335637294" clover="3.2.0">
  <project timestamp="1702335637294" name="All files">
    <metrics statements="24" coveredstatements="24" conditionals="10" coveredconditionals="9" methods="7" coveredmethods="7" elements="41" coveredelements="40" complexity="0" loc="24" ncloc="24" packages="1" files="1" classes="1"/>
    <file name="highLevelFunctions.ts" path="/Users/shivam/Desktop/API-Design/a3-grpc-apis-N0v0cain3/client/highLevelFunctions.ts">
      <metrics statements="24" coveredstatements="24" conditionals="10" coveredconditionals="9" methods="7" coveredmethods="7"/>
      <line num="9" count="3" type="stmt"/>
      <line num="10" count="2" type="stmt"/>
      <line num="11" count="2" type="cond" truecount="1" falsecount="0"/>
      <line num="12" count="1" type="stmt"/>
      <line num="13" count="1" type="stmt"/>
      <line num="15" count="1" type="stmt"/>
      <line num="16" count="1" type="stmt"/>
      <line num="29" count="3" type="cond" truecount="1" falsecount="0"/>
      <line num="30" count="2" type="stmt"/>
      <line num="31" count="2" type="cond" truecount="1" falsecount="0"/>
      <line num="32" count="1" type="stmt"/>
      <line num="33" count="1" type="stmt"/>
      <line num="35" count="1" type="stmt"/>
      <line num="36" count="1" type="stmt"/>
      <line num="48" count="3" type="stmt"/>
      <line num="49" count="2" type="stmt"/>
      <line num="50" count="2" type="cond" truecount="1" falsecount="0"/>
      <line num="51" count="1" type="stmt"/>
      <line num="52" count="1" type="stmt"/>
      <line num="53" count="1" type="stmt"/>
      <line num="57" count="1" type="stmt"/>
      <line num="60" count="1" type="stmt"/>
      <line num="61" count="3" type="cond" truecount="4" falsecount="0"/>
      <line num="64" count="1" type="cond" truecount="1" falsecount="1"/>
    </file>
  </project>
</coverage>
