{"/Users/shivam/Desktop/API-Design/a3-grpc-apis-N0v0cain3/client/highLevelFunctions.ts": {"path":"/Users/shivam/Desktop/API-Design/a3-grpc-apis-N0v0cain3/client/highLevelFunctions.ts","statementMap":{"0":{"start":{"line":12,"column":4},"end":{"line":19,"column":7}},"1":{"start":{"line":13,"column":8},"end":{"line":16,"column":9}},"2":{"start":{"line":14,"column":12},"end":{"line":14,"column":31}},"3":{"start":{"line":15,"column":12},"end":{"line":15,"column":19}},"4":{"start":{"line":17,"column":8},"end":{"line":17,"column":28}},"5":{"start":{"line":18,"column":8},"end":{"line":18,"column":14}},"6":{"start":{"line":11,"column":0},"end":{"line":11,"column":16}},"7":{"start":{"line":32,"column":4},"end":{"line":39,"column":7}},"8":{"start":{"line":33,"column":8},"end":{"line":36,"column":9}},"9":{"start":{"line":34,"column":12},"end":{"line":34,"column":31}},"10":{"start":{"line":35,"column":12},"end":{"line":35,"column":19}},"11":{"start":{"line":37,"column":8},"end":{"line":37,"column":40}},"12":{"start":{"line":38,"column":8},"end":{"line":38,"column":14}},"13":{"start":{"line":31,"column":0},"end":{"line":31,"column":16}},"14":{"start":{"line":51,"column":4},"end":{"line":67,"column":7}},"15":{"start":{"line":52,"column":8},"end":{"line":56,"column":9}},"16":{"start":{"line":53,"column":12},"end":{"line":53,"column":31}},"17":{"start":{"line":54,"column":12},"end":{"line":54,"column":32}},"18":{"start":{"line":55,"column":12},"end":{"line":55,"column":19}},"19":{"start":{"line":59,"column":35},"end":{"line":59,"column":63}},"20":{"start":{"line":62,"column":33},"end":{"line":64,"column":16}},"21":{"start":{"line":63,"column":12},"end":{"line":63,"column":112}},"22":{"start":{"line":66,"column":8},"end":{"line":66,"column":75}},"23":{"start":{"line":50,"column":0},"end":{"line":50,"column":16}},"24":{"start":{"line":72,"column":4},"end":{"line":103,"column":null}},"25":{"start":{"line":73,"column":8},"end":{"line":76,"column":9}},"26":{"start":{"line":74,"column":12},"end":{"line":74,"column":31}},"27":{"start":{"line":75,"column":12},"end":{"line":75,"column":18}},"28":{"start":{"line":77,"column":8},"end":{"line":77,"column":null}},"29":{"start":{"line":78,"column":8},"end":{"line":102,"column":11}},"30":{"start":{"line":79,"column":12},"end":{"line":82,"column":13}},"31":{"start":{"line":80,"column":16},"end":{"line":80,"column":35}},"32":{"start":{"line":81,"column":16},"end":{"line":81,"column":23}},"33":{"start":{"line":84,"column":12},"end":{"line":84,"column":null}},"34":{"start":{"line":85,"column":12},"end":{"line":100,"column":15}},"35":{"start":{"line":86,"column":16},"end":{"line":89,"column":17}},"36":{"start":{"line":87,"column":20},"end":{"line":87,"column":39}},"37":{"start":{"line":88,"column":20},"end":{"line":88,"column":27}},"38":{"start":{"line":92,"column":43},"end":{"line":92,"column":71}},"39":{"start":{"line":95,"column":41},"end":{"line":97,"column":24}},"40":{"start":{"line":96,"column":20},"end":{"line":96,"column":120}},"41":{"start":{"line":99,"column":16},"end":{"line":99,"column":83}},"42":{"start":{"line":70,"column":0},"end":{"line":70,"column":16}}},"fnMap":{"0":{"name":"retrievePost","decl":{"start":{"line":11,"column":16},"end":{"line":11,"column":28}},"loc":{"start":{"line":11,"column":46},"end":{"line":20,"column":1}}},"1":{"name":"(anonymous_1)","decl":{"start":{"line":12,"column":42},"end":{"line":12,"column":43}},"loc":{"start":{"line":12,"column":58},"end":{"line":19,"column":5}}},"2":{"name":"retrieveTopVotedComment","decl":{"start":{"line":31,"column":16},"end":{"line":31,"column":39}},"loc":{"start":{"line":31,"column":68},"end":{"line":40,"column":1}}},"3":{"name":"(anonymous_3)","decl":{"start":{"line":32,"column":65},"end":{"line":32,"column":66}},"loc":{"start":{"line":32,"column":81},"end":{"line":39,"column":5}}},"4":{"name":"expandCommentBranch","decl":{"start":{"line":50,"column":16},"end":{"line":50,"column":35}},"loc":{"start":{"line":50,"column":73},"end":{"line":68,"column":1}}},"5":{"name":"(anonymous_5)","decl":{"start":{"line":51,"column":56},"end":{"line":51,"column":57}},"loc":{"start":{"line":51,"column":72},"end":{"line":67,"column":5}}},"6":{"name":"(anonymous_6)","decl":{"start":{"line":62,"column":69},"end":{"line":62,"column":70}},"loc":{"start":{"line":62,"column":96},"end":{"line":64,"column":9}}},"7":{"name":"highLevelFunction","decl":{"start":{"line":70,"column":16},"end":{"line":70,"column":33}},"loc":{"start":{"line":70,"column":72},"end":{"line":104,"column":1}}},"8":{"name":"(anonymous_8)","decl":{"start":{"line":72,"column":42},"end":{"line":72,"column":43}},"loc":{"start":{"line":72,"column":58},"end":{"line":103,"column":5}}},"9":{"name":"(anonymous_9)","decl":{"start":{"line":78,"column":73},"end":{"line":78,"column":74}},"loc":{"start":{"line":78,"column":91},"end":{"line":102,"column":9}}},"10":{"name":"(anonymous_10)","decl":{"start":{"line":85,"column":103},"end":{"line":85,"column":104}},"loc":{"start":{"line":85,"column":119},"end":{"line":100,"column":13}}},"11":{"name":"(anonymous_11)","decl":{"start":{"line":95,"column":77},"end":{"line":95,"column":78}},"loc":{"start":{"line":95,"column":104},"end":{"line":97,"column":17}}}},"branchMap":{"0":{"loc":{"start":{"line":13,"column":8},"end":{"line":16,"column":9}},"type":"if","locations":[{"start":{"line":13,"column":8},"end":{"line":16,"column":9}}]},"1":{"loc":{"start":{"line":31,"column":59},"end":{"line":31,"column":68}},"type":"default-arg","locations":[{"start":{"line":31,"column":67},"end":{"line":31,"column":68}}]},"2":{"loc":{"start":{"line":33,"column":8},"end":{"line":36,"column":9}},"type":"if","locations":[{"start":{"line":33,"column":8},"end":{"line":36,"column":9}}]},"3":{"loc":{"start":{"line":52,"column":8},"end":{"line":56,"column":9}},"type":"if","locations":[{"start":{"line":52,"column":8},"end":{"line":56,"column":9}}]},"4":{"loc":{"start":{"line":63,"column":19},"end":{"line":63,"column":111}},"type":"cond-expr","locations":[{"start":{"line":63,"column":88},"end":{"line":63,"column":100}},{"start":{"line":63,"column":103},"end":{"line":63,"column":111}}]},"5":{"loc":{"start":{"line":63,"column":20},"end":{"line":63,"column":84}},"type":"binary-expr","locations":[{"start":{"line":63,"column":20},"end":{"line":63,"column":29}},{"start":{"line":63,"column":33},"end":{"line":63,"column":84}}]},"6":{"loc":{"start":{"line":66,"column":23},"end":{"line":66,"column":73}},"type":"cond-expr","locations":[{"start":{"line":66,"column":42},"end":{"line":66,"column":66}},{"start":{"line":66,"column":69},"end":{"line":66,"column":73}}]},"7":{"loc":{"start":{"line":70,"column":53},"end":{"line":70,"column":62}},"type":"default-arg","locations":[{"start":{"line":70,"column":61},"end":{"line":70,"column":62}}]},"8":{"loc":{"start":{"line":73,"column":8},"end":{"line":76,"column":9}},"type":"if","locations":[{"start":{"line":73,"column":8},"end":{"line":76,"column":9}}]},"9":{"loc":{"start":{"line":79,"column":12},"end":{"line":82,"column":13}},"type":"if","locations":[{"start":{"line":79,"column":12},"end":{"line":82,"column":13}}]},"10":{"loc":{"start":{"line":86,"column":16},"end":{"line":89,"column":17}},"type":"if","locations":[{"start":{"line":86,"column":16},"end":{"line":89,"column":17}}]},"11":{"loc":{"start":{"line":96,"column":27},"end":{"line":96,"column":119}},"type":"cond-expr","locations":[{"start":{"line":96,"column":96},"end":{"line":96,"column":108}},{"start":{"line":96,"column":111},"end":{"line":96,"column":119}}]},"12":{"loc":{"start":{"line":96,"column":28},"end":{"line":96,"column":92}},"type":"binary-expr","locations":[{"start":{"line":96,"column":28},"end":{"line":96,"column":37}},{"start":{"line":96,"column":41},"end":{"line":96,"column":92}}]},"13":{"loc":{"start":{"line":99,"column":31},"end":{"line":99,"column":81}},"type":"cond-expr","locations":[{"start":{"line":99,"column":50},"end":{"line":99,"column":74}},{"start":{"line":99,"column":77},"end":{"line":99,"column":81}}]}},"s":{"0":2,"1":2,"2":1,"3":1,"4":1,"5":1,"6":4,"7":2,"8":2,"9":1,"10":1,"11":1,"12":1,"13":4,"14":2,"15":2,"16":1,"17":1,"18":1,"19":1,"20":1,"21":3,"22":1,"23":4,"24":1,"25":1,"26":0,"27":0,"28":1,"29":1,"30":1,"31":0,"32":0,"33":1,"34":1,"35":1,"36":0,"37":0,"38":1,"39":1,"40":2,"41":1,"42":4},"f":{"0":2,"1":2,"2":2,"3":2,"4":2,"5":2,"6":3,"7":1,"8":1,"9":1,"10":1,"11":2},"b":{"0":[1],"1":[2],"2":[1],"3":[1],"4":[2,1],"5":[3,2],"6":[1,0],"7":[0],"8":[0],"9":[0],"10":[0],"11":[2,0],"12":[2,1],"13":[1,0]}}
}
