TN:
SF:client/highLevelFunctions.ts
FN:9,retrievePost
FN:10,(anonymous_1)
FN:29,retrieveTopVotedComment
FN:30,(anonymous_3)
FN:48,expandCommentBranch
FN:49,(anonymous_5)
FN:60,(anonymous_6)
FNF:7
FNH:7
FNDA:2,retrievePost
FNDA:2,(anonymous_1)
FNDA:2,retrieveTopVotedComment
FNDA:2,(anonymous_3)
FNDA:2,expandCommentBranch
FNDA:2,(anonymous_5)
FNDA:3,(anonymous_6)
DA:9,3
DA:10,2
DA:11,2
DA:12,1
DA:13,1
DA:15,1
DA:16,1
DA:29,3
DA:30,2
DA:31,2
DA:32,1
DA:33,1
DA:35,1
DA:36,1
DA:48,3
DA:49,2
DA:50,2
DA:51,1
DA:52,1
DA:53,1
DA:57,1
DA:60,1
DA:61,3
DA:64,1
LF:24
LH:24
BRDA:11,0,0,1
BRDA:29,1,0,2
BRDA:31,2,0,1
BRDA:50,3,0,1
BRDA:61,4,0,2
BRDA:61,4,1,1
BRDA:61,5,0,3
BRDA:61,5,1,2
BRDA:64,6,0,1
BRDA:64,6,1,0
BRF:10
BRH:9
end_of_record
