TN:
SF:client/highLevelFunctions.ts
FN:11,retrievePost
FN:12,(anonymous_1)
FN:31,retrieveTopVotedComment
FN:32,(anonymous_3)
FN:50,expandCommentBranch
FN:51,(anonymous_5)
FN:62,(anonymous_6)
FN:70,highLevelFunction
FN:72,(anonymous_8)
FN:78,(anonymous_9)
FN:85,(anonymous_10)
FN:95,(anonymous_11)
FNF:12
FNH:12
FNDA:2,retrievePost
FNDA:2,(anonymous_1)
FNDA:2,retrieveTopVotedComment
FNDA:2,(anonymous_3)
FNDA:2,expandCommentBranch
FNDA:2,(anonymous_5)
FNDA:3,(anonymous_6)
FNDA:1,highLevelFunction
FNDA:1,(anonymous_8)
FNDA:1,(anonymous_9)
FNDA:1,(anonymous_10)
FNDA:2,(anonymous_11)
DA:11,4
DA:12,2
DA:13,2
DA:14,1
DA:15,1
DA:17,1
DA:18,1
DA:31,4
DA:32,2
DA:33,2
DA:34,1
DA:35,1
DA:37,1
DA:38,1
DA:50,4
DA:51,2
DA:52,2
DA:53,1
DA:54,1
DA:55,1
DA:59,1
DA:62,1
DA:63,3
DA:66,1
DA:70,4
DA:72,1
DA:73,1
DA:74,0
DA:75,0
DA:77,1
DA:78,1
DA:79,1
DA:80,0
DA:81,0
DA:84,1
DA:85,1
DA:86,1
DA:87,0
DA:88,0
DA:92,1
DA:95,1
DA:96,2
DA:99,1
LF:43
LH:37
BRDA:13,0,0,1
BRDA:31,1,0,2
BRDA:33,2,0,1
BRDA:52,3,0,1
BRDA:63,4,0,2
BRDA:63,4,1,1
BRDA:63,5,0,3
BRDA:63,5,1,2
BRDA:66,6,0,1
BRDA:66,6,1,0
BRDA:70,7,0,0
BRDA:73,8,0,0
BRDA:79,9,0,0
BRDA:86,10,0,0
BRDA:96,11,0,2
BRDA:96,11,1,0
BRDA:96,12,0,2
BRDA:96,12,1,1
BRDA:99,13,0,1
BRDA:99,13,1,0
BRF:20
BRH:13
end_of_record
